<?xml version="1.0" encoding="UTF-8"?>
<testsuites name="MyVM" time="59" tests="0" failures="1" errors="0">
   <testsuite name="MyVM" tests="0" failures="1" errors="0" time="59" timestamp="2017-11-21 14:38:40" hostname="B7809096 - VDK-W732CDSG083.systems.private" id="Test Suites/MyVM">
      <properties>
         <property name="deviceName" value=""/>
         <property name="devicePlatform" value=""/>
         <property name="logFolder" value="C:\\Katalon\\Demo\\Reports\\MyVM\\20171121_143838"/>
         <property name="logFiles" value="C:\\Katalon\\Demo\\Reports\\MyVM\\20171121_143838\\execution0.log"/>
         <property name="attachments" value=""/>
         <property name="hostName" value="B7809096 - VDK-W732CDSG083.systems.private"/>
         <property name="os" value="Windows 7 32bit"/>
         <property name="katalonVersion" value="5.0.0.1"/>
         <property name="browser" value="Firefox 52.0"/>
         <property name="hostAddress" value="10.94.7.181"/>
         <property name="sessionId" value="aa53cbbe-613f-4e6d-ba44-477aa8198ef7"/>
         <property name="seleniumVersion" value="2.53.0"/>
         <property name="proxyInformation" value="ProxyInformation{proxyOption=NO_PROXY, proxyServerType=HTTP, password=, proxyServerAddress=, proxyServerPort=0}"/>
         <property name="platform" value="Windows 7"/>
      </properties>
      <testcase name="Test Cases/TC04_MyVM_ScriptMode" classname="Test Cases/TC04_MyVM_ScriptMode" status="FAILED">
         <failure type="FAILED" message="Unable to verify match between actual text '123397901' and expected text '123395202' (Root cause: Actual text '123397901' and expected text '123395202' are not matched)"/>
         <system-out><![CDATA[2017-11-21 14:38:41 - [TEST_CASE][FAILED] - Test Cases/TC04_MyVM_ScriptMode: Test Cases/TC04_MyVM_ScriptMode FAILED because (of) Unable to verify match between actual text '123397901' and expected text '123395202' (Root cause: Actual text '123397901' and expected text '123395202' are not matched)

2017-11-21 14:38:41 - [TEST_STEP][PASSED] - Statement - count = com.kms.katalon.core.testdata.TestDataFactory.findTestData(MyVMData).getRowNumbers(): Test data is internal data, reading internal data

2017-11-21 14:38:41 - [TEST_STEP][FAILED] - Statement - For ([i = 1, i <= count, (i++)]): Delayed 5 second(s)

2017-11-21 14:38:41 - [TEST_STEP][PASSED] - openBrowser: Browser is opened with url: 'https://mytestp2.itp2.virginmedia.com/home/index'

2017-11-21 14:38:52 - [MESSAGE][PASSED] - Browser is opened with url: 'https://mytestp2.itp2.virginmedia.com/home/index'

2017-11-21 14:38:52 - [TEST_STEP][PASSED] - waitForElementVisible: Object 'Object Repository/MyVM/SignInPage/SignInButton' is visible

2017-11-21 14:38:55 - [MESSAGE][PASSED] - Object 'Object Repository/MyVM/SignInPage/SignInButton' is visible

2017-11-21 14:38:55 - [TEST_STEP][PASSED] - click: Object: 'Object Repository/MyVM/SignInPage/SignInButton' is clicked on

2017-11-21 14:38:56 - [MESSAGE][PASSED] - Object: 'Object Repository/MyVM/SignInPage/SignInButton' is clicked on

2017-11-21 14:38:56 - [TEST_STEP][PASSED] - waitForElementVisible: Object 'Object Repository/MyVM/SignInPage/Username' is visible

2017-11-21 14:38:56 - [MESSAGE][PASSED] - Object 'Object Repository/MyVM/SignInPage/Username' is visible

2017-11-21 14:38:56 - [TEST_STEP][PASSED] - sendKeys: Keys 'uxp.511@virginmedia.com' sent to object: 'Object Repository/MyVM/SignInPage/Username'

2017-11-21 14:38:57 - [MESSAGE][PASSED] - Keys 'uxp.511@virginmedia.com' sent to object: 'Object Repository/MyVM/SignInPage/Username'

2017-11-21 14:38:57 - [TEST_STEP][PASSED] - sendKeys: Keys 'test12345' sent to object: 'Object Repository/MyVM/SignInPage/Password'

2017-11-21 14:38:57 - [MESSAGE][PASSED] - Keys 'test12345' sent to object: 'Object Repository/MyVM/SignInPage/Password'

2017-11-21 14:38:57 - [TEST_STEP][PASSED] - waitForElementClickable: Object 'Object Repository/MyVM/SignInPage/LoginButton' is clickable

2017-11-21 14:38:57 - [MESSAGE][PASSED] - Object 'Object Repository/MyVM/SignInPage/LoginButton' is clickable

2017-11-21 14:38:57 - [TEST_STEP][PASSED] - click: Object: 'Object Repository/MyVM/SignInPage/LoginButton' is clicked on

2017-11-21 14:38:58 - [MESSAGE][PASSED] - Object: 'Object Repository/MyVM/SignInPage/LoginButton' is clicked on

2017-11-21 14:38:58 - [TEST_STEP][PASSED] - delay: Delayed 10 second(s)

2017-11-21 14:39:08 - [MESSAGE][PASSED] - Delayed 10 second(s)

2017-11-21 14:39:08 - [TEST_STEP][PASSED] - Statement - accNum = com.kms.katalon.core.webui.keyword.WebUiBuiltInKeywords.getText(com.kms.katalon.core.testobject.ObjectRepository.findTestObject(Object Repository/MyVM/SignInPage/AccountNumber)): Text of object 'Object Repository/MyVM/SignInPage/AccountNumber' is: '123395201'

2017-11-21 14:39:08 - [MESSAGE][PASSED] - Text of object 'Object Repository/MyVM/SignInPage/AccountNumber' is: '123395201'

2017-11-21 14:39:08 - [TEST_STEP][PASSED] - verifyMatch: Actual text '123395201' and expected text '123395201' are matched 

2017-11-21 14:39:08 - [MESSAGE][PASSED] - Actual text '123395201' and expected text '123395201' are matched 

2017-11-21 14:39:08 - [TEST_STEP][PASSED] - closeBrowser: Browser is closed

2017-11-21 14:39:08 - [MESSAGE][PASSED] - Browser is closed

2017-11-21 14:39:08 - [TEST_STEP][PASSED] - delay: Delayed 5 second(s)

2017-11-21 14:39:13 - [MESSAGE][PASSED] - Delayed 5 second(s)

2017-11-21 14:39:13 - [TEST_STEP][PASSED] - openBrowser: Browser is opened with url: 'https://mytestp2.itp2.virginmedia.com/home/index'

2017-11-21 14:39:21 - [MESSAGE][PASSED] - Browser is opened with url: 'https://mytestp2.itp2.virginmedia.com/home/index'

2017-11-21 14:39:21 - [TEST_STEP][PASSED] - waitForElementVisible: Object 'Object Repository/MyVM/SignInPage/SignInButton' is visible

2017-11-21 14:39:22 - [MESSAGE][PASSED] - Object 'Object Repository/MyVM/SignInPage/SignInButton' is visible

2017-11-21 14:39:22 - [TEST_STEP][PASSED] - click: Object: 'Object Repository/MyVM/SignInPage/SignInButton' is clicked on

2017-11-21 14:39:24 - [MESSAGE][PASSED] - Object: 'Object Repository/MyVM/SignInPage/SignInButton' is clicked on

2017-11-21 14:39:24 - [TEST_STEP][PASSED] - waitForElementVisible: Object 'Object Repository/MyVM/SignInPage/Username' is visible

2017-11-21 14:39:24 - [MESSAGE][PASSED] - Object 'Object Repository/MyVM/SignInPage/Username' is visible

2017-11-21 14:39:24 - [TEST_STEP][PASSED] - sendKeys: Keys 'uxp.512@virginmedia.com' sent to object: 'Object Repository/MyVM/SignInPage/Username'

2017-11-21 14:39:24 - [MESSAGE][PASSED] - Keys 'uxp.512@virginmedia.com' sent to object: 'Object Repository/MyVM/SignInPage/Username'

2017-11-21 14:39:24 - [TEST_STEP][PASSED] - sendKeys: Keys 'test12345' sent to object: 'Object Repository/MyVM/SignInPage/Password'

2017-11-21 14:39:24 - [MESSAGE][PASSED] - Keys 'test12345' sent to object: 'Object Repository/MyVM/SignInPage/Password'

2017-11-21 14:39:24 - [TEST_STEP][PASSED] - waitForElementClickable: Object 'Object Repository/MyVM/SignInPage/LoginButton' is clickable

2017-11-21 14:39:24 - [MESSAGE][PASSED] - Object 'Object Repository/MyVM/SignInPage/LoginButton' is clickable

2017-11-21 14:39:24 - [TEST_STEP][PASSED] - click: Object: 'Object Repository/MyVM/SignInPage/LoginButton' is clicked on

2017-11-21 14:39:25 - [MESSAGE][PASSED] - Object: 'Object Repository/MyVM/SignInPage/LoginButton' is clicked on

2017-11-21 14:39:25 - [TEST_STEP][PASSED] - delay: Delayed 10 second(s)

2017-11-21 14:39:35 - [MESSAGE][PASSED] - Delayed 10 second(s)

2017-11-21 14:39:35 - [TEST_STEP][PASSED] - Statement - accNum = com.kms.katalon.core.webui.keyword.WebUiBuiltInKeywords.getText(com.kms.katalon.core.testobject.ObjectRepository.findTestObject(Object Repository/MyVM/SignInPage/AccountNumber)): Text of object 'Object Repository/MyVM/SignInPage/AccountNumber' is: '123397901'

2017-11-21 14:39:35 - [MESSAGE][PASSED] - Text of object 'Object Repository/MyVM/SignInPage/AccountNumber' is: '123397901'

2017-11-21 14:39:35 - [TEST_STEP][FAILED] - verifyMatch: Unable to verify match between actual text '123397901' and expected text '123395202' (Root cause: Actual text '123397901' and expected text '123395202' are not matched)

2017-11-21 14:39:35 - [MESSAGE][FAILED] - Unable to verify match between actual text '123397901' and expected text '123395202' (Root cause: Actual text '123397901' and expected text '123395202' are not matched)

2017-11-21 14:39:35 - [TEST_STEP][PASSED] - closeBrowser: Browser is closed

2017-11-21 14:39:35 - [MESSAGE][PASSED] - Browser is closed

2017-11-21 14:39:35 - [TEST_STEP][PASSED] - delay: Delayed 5 second(s)

2017-11-21 14:39:40 - [MESSAGE][PASSED] - Delayed 5 second(s)]]></system-out>
         <system-err><![CDATA[2017-11-21 14:38:41 - [TEST_CASE][FAILED] - Test Cases/TC04_MyVM_ScriptMode: Test Cases/TC04_MyVM_ScriptMode FAILED because (of) Unable to verify match between actual text '123397901' and expected text '123395202' (Root cause: Actual text '123397901' and expected text '123395202' are not matched)]]></system-err>
      </testcase>
      <system-out><![CDATA[2017-11-21 14:38:40 - [TEST_SUITE][FAILED] - MyVM: Test Cases/TC04_MyVM_ScriptMode FAILED because (of) Unable to verify match between actual text '123397901' and expected text '123395202' (Root cause: Actual text '123397901' and expected text '123395202' are not matched)]]></system-out>
      <system-err><![CDATA[2017-11-21 14:38:40 - [TEST_SUITE][FAILED] - MyVM: Test Cases/TC04_MyVM_ScriptMode FAILED because (of) Unable to verify match between actual text '123397901' and expected text '123395202' (Root cause: Actual text '123397901' and expected text '123395202' are not matched)]]></system-err>
   </testsuite>
</testsuites>
