{"devicePlatform":"","logFolder":"C:\\Katalon\\Demo\\Reports\\WebService\\20171117_140746","runData":{"hostName":"B7809096 - VDK-W732CDSG083.systems.private","hostAddress":"10.94.7.181","os":"Windows 7 32bit","katalonVersion":"5.0.0.1"},"type":"TEST_SUITE","name":"WebService","id":"Test Suites/WebService","source":"","message":"Test Cases/TC05_SOAPService_Validation FAILED because (of) org.codehaus.groovy.control.MultipleCompilationErrorsException: startup failed:\r\nfile:/C:/Katalon/Demo/Scripts/TC05_SOAPService_Validation/Script1510901737745.groovy: 20: unable to resolve class internal.GlobalVariable\n @ line 20, column 1.\r\n   import internal.GlobalVariable as GlobalVariable\r\n   ^\r\n\r\n1 error\r\n","description":"","startTime":1510907869303,"endTime":1510907870639,"childRecords":[{"isOptional":false,"type":"TEST_CASE","name":"Test Cases/TC05_SOAPService_Validation","id":"Test Cases/TC05_SOAPService_Validation","source":"C:\\\\Katalon\\\\DemoTest Cases\\\\TC05_SOAPService_Validation.tc","message":"Test Cases/TC05_SOAPService_Validation FAILED because (of) org.codehaus.groovy.control.MultipleCompilationErrorsException: startup failed:\r\nfile:/C:/Katalon/Demo/Scripts/TC05_SOAPService_Validation/Script1510901737745.groovy: 20: unable to resolve class internal.GlobalVariable\n @ line 20, column 1.\r\n   import internal.GlobalVariable as GlobalVariable\r\n   ^\r\n\r\n1 error\r\n","description":"","startTime":1510907869742,"endTime":1510907870343,"childRecords":[{"testStatus":{"stackTrace":"","statusValue":"INFO"},"type":"MESSAGE","name":"","message":"Evaluating variables for test case","startTime":1510907869897,"endTime":0,"childRecords":[],"interuppted":false},{"testStatus":{"stackTrace":"","statusValue":"ERROR"},"type":"MESSAGE","name":"","message":"Test Cases/TC05_SOAPService_Validation FAILED because (of) org.codehaus.groovy.control.MultipleCompilationErrorsException: startup failed:\r\nfile:/C:/Katalon/Demo/Scripts/TC05_SOAPService_Validation/Script1510901737745.groovy: 20: unable to resolve class internal.GlobalVariable\n @ line 20, column 1.\r\n   import internal.GlobalVariable as GlobalVariable\r\n   ^\r\n\r\n1 error\r\n","startTime":1510907870341,"endTime":0,"childRecords":[],"interuppted":false}],"interuppted":false},{"isOptional":false,"type":"TEST_CASE","name":"Test Cases/TC06_RESTService_Validation","id":"Test Cases/TC06_RESTService_Validation","source":"C:\\\\Katalon\\\\DemoTest Cases\\\\TC06_RESTService_Validation.tc","message":"Test Cases/TC06_RESTService_Validation FAILED because (of) org.codehaus.groovy.control.MultipleCompilationErrorsException: startup failed:\r\nfile:/C:/Katalon/Demo/Scripts/TC06_RESTService_Validation/Script1510901740164.groovy: 20: unable to resolve class internal.GlobalVariable\n @ line 20, column 1.\r\n   import internal.GlobalVariable as GlobalVariable\r\n   ^\r\n\r\n1 error\r\n","description":"","startTime":1510907870397,"endTime":1510907870591,"childRecords":[{"testStatus":{"stackTrace":"","statusValue":"INFO"},"type":"MESSAGE","name":"","message":"Evaluating variables for test case","startTime":1510907870415,"endTime":0,"childRecords":[],"interuppted":false},{"testStatus":{"stackTrace":"","statusValue":"ERROR"},"type":"MESSAGE","name":"","message":"Test Cases/TC06_RESTService_Validation FAILED because (of) org.codehaus.groovy.control.MultipleCompilationErrorsException: startup failed:\r\nfile:/C:/Katalon/Demo/Scripts/TC06_RESTService_Validation/Script1510901740164.groovy: 20: unable to resolve class internal.GlobalVariable\n @ line 20, column 1.\r\n   import internal.GlobalVariable as GlobalVariable\r\n   ^\r\n\r\n1 error\r\n","startTime":1510907870589,"endTime":0,"childRecords":[],"interuppted":false}],"interuppted":false}],"interuppted":false}